<?xml version="1.0" encoding="UTF-8"?>
<testsuite name="RecipesApplicationTest" tests="1" skipped="0" failures="1" errors="0" timestamp="2021-11-04T09:10:56" hostname="nil" time="5.011">
  <properties/>
  <testcase name="start" classname="RecipesApplicationTest" time="5.011">
    <failure message="java.lang.AssertionError: Wrong answer in test #3&#10;&#10;The JSON object shouldn't have the key &quot;id&quot;&#10;&#10;Full JSON:&#10;{&#10;  &quot;id&quot;: 1,&#10;  &quot;name&quot;: &quot;Fresh Mint Tea /Test&quot;,&#10;  &quot;description&quot;: &quot;Light, aromatic and refreshing beverage, ... /Test&quot;,&#10;  &quot;ingredients&quot;: [&#10;    &quot;boiled water&quot;,&#10;    &quot;honey&quot;,&#10;    &quot;fresh mint leaves /Test&quot;&#10;  ],&#10;  &quot;directions&quot;: [&#10;    &quot;Boil water&quot;,&#10;    &quot;Pour boiling hot water into a mug&quot;,&#10;    &quot;Add fresh mint leaves&quot;,&#10;    &quot;Mix and let the mint leaves seep for 3-5 minutes&quot;,&#10;    &quot;Add honey and mix again /Test&quot;&#10;  ]&#10;}&#10;&#10;Please find below the output of your program during this failed test.&#10;&#10;---&#10;&#10;.   ____          _            __ _ _&#10; /\\ / ___'_ __ _ _(_)_ __  __ _ \ \ \ \&#10;( ( )\___ | '_ | '_| | '_ \/ _` | \ \ \ \&#10; \\/  ___)| |_)| | | | | || (_| |  ) ) ) )&#10;  '  |____| .__|_| |_|_| |_\__, | / / / /&#10; =========|_|==============|___/=/_/_/_/&#10; :: Spring Boot ::        (v2.3.1.RELEASE)&#10;&#10;2021-11-04 17:10:56.807  INFO 13962 --- [    Test worker] recipes.RecipesApplication               : Starting RecipesApplication on nil with PID 13962 (started by nilryan in /home/nilryan/IdeaProjects/Recipes/Recipes/task)&#10;2021-11-04 17:10:56.810  INFO 13962 --- [    Test worker] recipes.RecipesApplication               : No active profile set, falling back to default profiles: default&#10;2021-11-04 17:10:57.852  INFO 13962 --- [    Test worker] .s.d.r.c.RepositoryConfigurationDelegate : Bootstrapping Spring Data JPA repositories in DEFERRED mode.&#10;2021-11-04 17:10:57.926  INFO 13962 --- [    Test worker] .s.d.r.c.RepositoryConfigurationDelegate : Finished Spring Data repository scanning in 66ms. Found 1 JPA repository interfaces.&#10;2021-11-04 17:10:58.467  INFO 13962 --- [    Test worker] o.s.b.w.embedded.tomcat.TomcatWebServer  : Tomcat initialized with port(s): 8881 (http)&#10;2021-11-04 17:10:58.481  INFO 13962 --- [    Test worker] o.apache.catalina.core.StandardService   : Starting service [Tomcat]&#10;2021-11-04 17:10:58.482  INFO 13962 --- [    Test worker] org.apache.catalina.core.StandardEngine  : Starting Servlet engine: [Apache Tomcat/9.0.36]&#10;2021-11-04 17:10:58.587  INFO 13962 --- [    Test worker] o.a.c.c.C.[Tomcat].[localhost].[/]       : Initializing Spring embedded WebApplicationContext&#10;2021-11-04 17:10:58.587  INFO 13962 --- [    Test worker] w.s.c.ServletWebServerApplicationContext : Root WebApplicationContext: initialization completed in 1725 ms&#10;2021-11-04 17:10:58.754  INFO 13962 --- [    Test worker] com.zaxxer.hikari.HikariDataSource       : HikariPool-1 - Starting...&#10;2021-11-04 17:10:58.937  INFO 13962 --- [    Test worker] com.zaxxer.hikari.HikariDataSource       : HikariPool-1 - Start completed.&#10;2021-11-04 17:10:58.947  INFO 13962 --- [    Test worker] o.s.b.a.h2.H2ConsoleAutoConfiguration    : H2 console available at '/h2'. Database available at 'jdbc:h2:file:../recipes_db'&#10;2021-11-04 17:10:59.115  INFO 13962 --- [    Test worker] o.s.s.concurrent.ThreadPoolTaskExecutor  : Initializing ExecutorService 'applicationTaskExecutor'&#10;2021-11-04 17:10:59.165  INFO 13962 --- [         task-1] o.hibernate.jpa.internal.util.LogHelper  : HHH000204: Processing PersistenceUnitInfo [name: default]&#10;2021-11-04 17:10:59.224  INFO 13962 --- [         task-1] org.hibernate.Version                    : HHH000412: Hibernate ORM core version 5.4.17.Final&#10;2021-11-04 17:10:59.229  WARN 13962 --- [    Test worker] JpaBaseConfiguration$JpaWebConfiguration : spring.jpa.open-in-view is enabled by default. Therefore, database queries may be performed during view rendering. Explicitly configure spring.jpa.open-in-view to disable this warning&#10;2021-11-04 17:10:59.388  INFO 13962 --- [         task-1] o.hibernate.annotations.common.Version   : HCANN000001: Hibernate Commons Annotations {5.1.0.Final}&#10;2021-11-04 17:10:59.532  INFO 13962 --- [         task-1] org.hibernate.dialect.Dialect            : HHH000400: Using dialect: org.hibernate.dialect.H2Dialect&#10;2021-11-04 17:11:00.222  INFO 13962 --- [         task-1] o.h.e.t.j.p.i.JtaPlatformInitiator       : HHH000490: Using JtaPlatform implementation: [org.hibernate.engine.transaction.jta.platform.internal.NoJtaPlatform]&#10;2021-11-04 17:11:00.230  INFO 13962 --- [         task-1] j.LocalContainerEntityManagerFactoryBean : Initialized JPA EntityManagerFactory for persistence unit 'default'&#10;2021-11-04 17:11:00.279  INFO 13962 --- [    Test worker] o.s.b.a.e.web.EndpointLinksResolver      : Exposing 14 endpoint(s) beneath base path '/actuator'&#10;2021-11-04 17:11:00.328  INFO 13962 --- [    Test worker] o.s.b.w.embedded.tomcat.TomcatWebServer  : Tomcat started on port(s): 8881 (http) with context path ''&#10;2021-11-04 17:11:00.329  INFO 13962 --- [    Test worker] DeferredRepositoryInitializationListener : Triggering deferred initialization of Spring Data repositories…&#10;2021-11-04 17:11:00.510  INFO 13962 --- [    Test worker] DeferredRepositoryInitializationListener : Spring Data repositories initialized!&#10;2021-11-04 17:11:00.521  INFO 13962 --- [    Test worker] recipes.RecipesApplication               : Started RecipesApplication in 4.028 seconds (JVM running for 4.779)&#10;2021-11-04 17:11:00.992  INFO 13962 --- [nio-8881-exec-1] o.a.c.c.C.[Tomcat].[localhost].[/]       : Initializing Spring DispatcherServlet 'dispatcherServlet'&#10;2021-11-04 17:11:00.992  INFO 13962 --- [nio-8881-exec-1] o.s.web.servlet.DispatcherServlet        : Initializing Servlet 'dispatcherServlet'&#10;2021-11-04 17:11:01.000  INFO 13962 --- [nio-8881-exec-1] o.s.web.servlet.DispatcherServlet        : Completed initialization in 7 ms" type="java.lang.AssertionError">java.lang.AssertionError: Wrong answer in test #3

The JSON object shouldn't have the key &quot;id&quot;

Full JSON:
{
  &quot;id&quot;: 1,
  &quot;name&quot;: &quot;Fresh Mint Tea /Test&quot;,
  &quot;description&quot;: &quot;Light, aromatic and refreshing beverage, ... /Test&quot;,
  &quot;ingredients&quot;: [
    &quot;boiled water&quot;,
    &quot;honey&quot;,
    &quot;fresh mint leaves /Test&quot;
  ],
  &quot;directions&quot;: [
    &quot;Boil water&quot;,
    &quot;Pour boiling hot water into a mug&quot;,
    &quot;Add fresh mint leaves&quot;,
    &quot;Mix and let the mint leaves seep for 3-5 minutes&quot;,
    &quot;Add honey and mix again /Test&quot;
  ]
}

Please find below the output of your program during this failed test.

---

.   ____          _            __ _ _
 /\\ / ___'_ __ _ _(_)_ __  __ _ \ \ \ \
( ( )\___ | '_ | '_| | '_ \/ _` | \ \ \ \
 \\/  ___)| |_)| | | | | || (_| |  ) ) ) )
  '  |____| .__|_| |_|_| |_\__, | / / / /
 =========|_|==============|___/=/_/_/_/
 :: Spring Boot ::        (v2.3.1.RELEASE)

2021-11-04 17:10:56.807  INFO 13962 --- [    Test worker] recipes.RecipesApplication               : Starting RecipesApplication on nil with PID 13962 (started by nilryan in /home/nilryan/IdeaProjects/Recipes/Recipes/task)
2021-11-04 17:10:56.810  INFO 13962 --- [    Test worker] recipes.RecipesApplication               : No active profile set, falling back to default profiles: default
2021-11-04 17:10:57.852  INFO 13962 --- [    Test worker] .s.d.r.c.RepositoryConfigurationDelegate : Bootstrapping Spring Data JPA repositories in DEFERRED mode.
2021-11-04 17:10:57.926  INFO 13962 --- [    Test worker] .s.d.r.c.RepositoryConfigurationDelegate : Finished Spring Data repository scanning in 66ms. Found 1 JPA repository interfaces.
2021-11-04 17:10:58.467  INFO 13962 --- [    Test worker] o.s.b.w.embedded.tomcat.TomcatWebServer  : Tomcat initialized with port(s): 8881 (http)
2021-11-04 17:10:58.481  INFO 13962 --- [    Test worker] o.apache.catalina.core.StandardService   : Starting service [Tomcat]
2021-11-04 17:10:58.482  INFO 13962 --- [    Test worker] org.apache.catalina.core.StandardEngine  : Starting Servlet engine: [Apache Tomcat/9.0.36]
2021-11-04 17:10:58.587  INFO 13962 --- [    Test worker] o.a.c.c.C.[Tomcat].[localhost].[/]       : Initializing Spring embedded WebApplicationContext
2021-11-04 17:10:58.587  INFO 13962 --- [    Test worker] w.s.c.ServletWebServerApplicationContext : Root WebApplicationContext: initialization completed in 1725 ms
2021-11-04 17:10:58.754  INFO 13962 --- [    Test worker] com.zaxxer.hikari.HikariDataSource       : HikariPool-1 - Starting...
2021-11-04 17:10:58.937  INFO 13962 --- [    Test worker] com.zaxxer.hikari.HikariDataSource       : HikariPool-1 - Start completed.
2021-11-04 17:10:58.947  INFO 13962 --- [    Test worker] o.s.b.a.h2.H2ConsoleAutoConfiguration    : H2 console available at '/h2'. Database available at 'jdbc:h2:file:../recipes_db'
2021-11-04 17:10:59.115  INFO 13962 --- [    Test worker] o.s.s.concurrent.ThreadPoolTaskExecutor  : Initializing ExecutorService 'applicationTaskExecutor'
2021-11-04 17:10:59.165  INFO 13962 --- [         task-1] o.hibernate.jpa.internal.util.LogHelper  : HHH000204: Processing PersistenceUnitInfo [name: default]
2021-11-04 17:10:59.224  INFO 13962 --- [         task-1] org.hibernate.Version                    : HHH000412: Hibernate ORM core version 5.4.17.Final
2021-11-04 17:10:59.229  WARN 13962 --- [    Test worker] JpaBaseConfiguration$JpaWebConfiguration : spring.jpa.open-in-view is enabled by default. Therefore, database queries may be performed during view rendering. Explicitly configure spring.jpa.open-in-view to disable this warning
2021-11-04 17:10:59.388  INFO 13962 --- [         task-1] o.hibernate.annotations.common.Version   : HCANN000001: Hibernate Commons Annotations {5.1.0.Final}
2021-11-04 17:10:59.532  INFO 13962 --- [         task-1] org.hibernate.dialect.Dialect            : HHH000400: Using dialect: org.hibernate.dialect.H2Dialect
2021-11-04 17:11:00.222  INFO 13962 --- [         task-1] o.h.e.t.j.p.i.JtaPlatformInitiator       : HHH000490: Using JtaPlatform implementation: [org.hibernate.engine.transaction.jta.platform.internal.NoJtaPlatform]
2021-11-04 17:11:00.230  INFO 13962 --- [         task-1] j.LocalContainerEntityManagerFactoryBean : Initialized JPA EntityManagerFactory for persistence unit 'default'
2021-11-04 17:11:00.279  INFO 13962 --- [    Test worker] o.s.b.a.e.web.EndpointLinksResolver      : Exposing 14 endpoint(s) beneath base path '/actuator'
2021-11-04 17:11:00.328  INFO 13962 --- [    Test worker] o.s.b.w.embedded.tomcat.TomcatWebServer  : Tomcat started on port(s): 8881 (http) with context path ''
2021-11-04 17:11:00.329  INFO 13962 --- [    Test worker] DeferredRepositoryInitializationListener : Triggering deferred initialization of Spring Data repositories…
2021-11-04 17:11:00.510  INFO 13962 --- [    Test worker] DeferredRepositoryInitializationListener : Spring Data repositories initialized!
2021-11-04 17:11:00.521  INFO 13962 --- [    Test worker] recipes.RecipesApplication               : Started RecipesApplication in 4.028 seconds (JVM running for 4.779)
2021-11-04 17:11:00.992  INFO 13962 --- [nio-8881-exec-1] o.a.c.c.C.[Tomcat].[localhost].[/]       : Initializing Spring DispatcherServlet 'dispatcherServlet'
2021-11-04 17:11:00.992  INFO 13962 --- [nio-8881-exec-1] o.s.web.servlet.DispatcherServlet        : Initializing Servlet 'dispatcherServlet'
2021-11-04 17:11:01.000  INFO 13962 --- [nio-8881-exec-1] o.s.web.servlet.DispatcherServlet        : Completed initialization in 7 ms
	at org.junit.Assert.fail(Assert.java:89)
	at org.hyperskill.hstest.stage.StageTest.start(StageTest.java:155)
	at java.base/jdk.internal.reflect.NativeMethodAccessorImpl.invoke0(Native Method)
	at java.base/jdk.internal.reflect.NativeMethodAccessorImpl.invoke(NativeMethodAccessorImpl.java:62)
	at java.base/jdk.internal.reflect.DelegatingMethodAccessorImpl.invoke(DelegatingMethodAccessorImpl.java:43)
	at java.base/java.lang.reflect.Method.invoke(Method.java:566)
	at org.junit.runners.model.FrameworkMethod$1.runReflectiveCall(FrameworkMethod.java:59)
	at org.junit.internal.runners.model.ReflectiveCallable.run(ReflectiveCallable.java:12)
	at org.junit.runners.model.FrameworkMethod.invokeExplosively(FrameworkMethod.java:56)
	at org.junit.internal.runners.statements.InvokeMethod.evaluate(InvokeMethod.java:17)
	at org.junit.internal.runners.statements.RunAfters.evaluate(RunAfters.java:27)
	at org.junit.runners.ParentRunner$3.evaluate(ParentRunner.java:306)
	at org.junit.runners.BlockJUnit4ClassRunner$1.evaluate(BlockJUnit4ClassRunner.java:100)
	at org.junit.runners.ParentRunner.runLeaf(ParentRunner.java:366)
	at org.junit.runners.BlockJUnit4ClassRunner.runChild(BlockJUnit4ClassRunner.java:103)
	at org.junit.runners.BlockJUnit4ClassRunner.runChild(BlockJUnit4ClassRunner.java:63)
	at org.junit.runners.ParentRunner$4.run(ParentRunner.java:331)
	at org.junit.runners.ParentRunner$1.schedule(ParentRunner.java:79)
	at org.junit.runners.ParentRunner.runChildren(ParentRunner.java:329)
	at org.junit.runners.ParentRunner.access$100(ParentRunner.java:66)
	at org.junit.runners.ParentRunner$2.evaluate(ParentRunner.java:293)
	at org.junit.runners.ParentRunner$3.evaluate(ParentRunner.java:306)
	at org.junit.runners.ParentRunner.run(ParentRunner.java:413)
	at org.gradle.api.internal.tasks.testing.junit.JUnitTestClassExecutor.runTestClass(JUnitTestClassExecutor.java:110)
	at org.gradle.api.internal.tasks.testing.junit.JUnitTestClassExecutor.execute(JUnitTestClassExecutor.java:58)
	at org.gradle.api.internal.tasks.testing.junit.JUnitTestClassExecutor.execute(JUnitTestClassExecutor.java:38)
	at org.gradle.api.internal.tasks.testing.junit.AbstractJUnitTestClassProcessor.processTestClass(AbstractJUnitTestClassProcessor.java:62)
	at org.gradle.api.internal.tasks.testing.SuiteTestClassProcessor.processTestClass(SuiteTestClassProcessor.java:51)
	at java.base/jdk.internal.reflect.NativeMethodAccessorImpl.invoke0(Native Method)
	at java.base/jdk.internal.reflect.NativeMethodAccessorImpl.invoke(NativeMethodAccessorImpl.java:62)
	at java.base/jdk.internal.reflect.DelegatingMethodAccessorImpl.invoke(DelegatingMethodAccessorImpl.java:43)
	at java.base/java.lang.reflect.Method.invoke(Method.java:566)
	at org.gradle.internal.dispatch.ReflectionDispatch.dispatch(ReflectionDispatch.java:36)
	at org.gradle.internal.dispatch.ReflectionDispatch.dispatch(ReflectionDispatch.java:24)
	at org.gradle.internal.dispatch.ContextClassLoaderDispatch.dispatch(ContextClassLoaderDispatch.java:33)
	at org.gradle.internal.dispatch.ProxyDispatchAdapter$DispatchingInvocationHandler.invoke(ProxyDispatchAdapter.java:94)
	at com.sun.proxy.$Proxy2.processTestClass(Unknown Source)
	at org.gradle.api.internal.tasks.testing.worker.TestWorker.processTestClass(TestWorker.java:121)
	at java.base/jdk.internal.reflect.NativeMethodAccessorImpl.invoke0(Native Method)
	at java.base/jdk.internal.reflect.NativeMethodAccessorImpl.invoke(NativeMethodAccessorImpl.java:62)
	at java.base/jdk.internal.reflect.DelegatingMethodAccessorImpl.invoke(DelegatingMethodAccessorImpl.java:43)
	at java.base/java.lang.reflect.Method.invoke(Method.java:566)
	at org.gradle.internal.dispatch.ReflectionDispatch.dispatch(ReflectionDispatch.java:36)
	at org.gradle.internal.dispatch.ReflectionDispatch.dispatch(ReflectionDispatch.java:24)
	at org.gradle.internal.remote.internal.hub.MessageHubBackedObjectConnection$DispatchWrapper.dispatch(MessageHubBackedObjectConnection.java:182)
	at org.gradle.internal.remote.internal.hub.MessageHubBackedObjectConnection$DispatchWrapper.dispatch(MessageHubBackedObjectConnection.java:164)
	at org.gradle.internal.remote.internal.hub.MessageHub$Handler.run(MessageHub.java:414)
	at org.gradle.internal.concurrent.ExecutorPolicy$CatchAndRecordFailures.onExecute(ExecutorPolicy.java:64)
	at org.gradle.internal.concurrent.ManagedExecutorImpl$1.run(ManagedExecutorImpl.java:48)
	at java.base/java.util.concurrent.ThreadPoolExecutor.runWorker(ThreadPoolExecutor.java:1128)
	at java.base/java.util.concurrent.ThreadPoolExecutor$Worker.run(ThreadPoolExecutor.java:628)
	at org.gradle.internal.concurrent.ThreadFactoryImpl$ManagedThreadRunnable.run(ThreadFactoryImpl.java:56)
	at java.base/java.lang.Thread.run(Thread.java:829)
</failure>
  </testcase>
  <system-out><![CDATA[?[1;31m
Start test 1?[0m

  .   ____          _            __ _ _
 /\\ / ___'_ __ _ _(_)_ __  __ _ \ \ \ \
( ( )\___ | '_ | '_| | '_ \/ _` | \ \ \ \
 \\/  ___)| |_)| | | | | || (_| |  ) ) ) )
  '  |____| .__|_| |_|_| |_\__, | / / / /
 =========|_|==============|___/=/_/_/_/
 :: Spring Boot ::        (v2.3.1.RELEASE)

2021-11-04 17:10:56.807  INFO 13962 --- [    Test worker] recipes.RecipesApplication               : Starting RecipesApplication on nil with PID 13962 (started by nilryan in /home/nilryan/IdeaProjects/Recipes/Recipes/task)
2021-11-04 17:10:56.810  INFO 13962 --- [    Test worker] recipes.RecipesApplication               : No active profile set, falling back to default profiles: default
2021-11-04 17:10:57.852  INFO 13962 --- [    Test worker] .s.d.r.c.RepositoryConfigurationDelegate : Bootstrapping Spring Data JPA repositories in DEFERRED mode.
2021-11-04 17:10:57.926  INFO 13962 --- [    Test worker] .s.d.r.c.RepositoryConfigurationDelegate : Finished Spring Data repository scanning in 66ms. Found 1 JPA repository interfaces.
2021-11-04 17:10:58.467  INFO 13962 --- [    Test worker] o.s.b.w.embedded.tomcat.TomcatWebServer  : Tomcat initialized with port(s): 8881 (http)
2021-11-04 17:10:58.481  INFO 13962 --- [    Test worker] o.apache.catalina.core.StandardService   : Starting service [Tomcat]
2021-11-04 17:10:58.482  INFO 13962 --- [    Test worker] org.apache.catalina.core.StandardEngine  : Starting Servlet engine: [Apache Tomcat/9.0.36]
2021-11-04 17:10:58.587  INFO 13962 --- [    Test worker] o.a.c.c.C.[Tomcat].[localhost].[/]       : Initializing Spring embedded WebApplicationContext
2021-11-04 17:10:58.587  INFO 13962 --- [    Test worker] w.s.c.ServletWebServerApplicationContext : Root WebApplicationContext: initialization completed in 1725 ms
2021-11-04 17:10:58.754  INFO 13962 --- [    Test worker] com.zaxxer.hikari.HikariDataSource       : HikariPool-1 - Starting...
2021-11-04 17:10:58.937  INFO 13962 --- [    Test worker] com.zaxxer.hikari.HikariDataSource       : HikariPool-1 - Start completed.
2021-11-04 17:10:58.947  INFO 13962 --- [    Test worker] o.s.b.a.h2.H2ConsoleAutoConfiguration    : H2 console available at '/h2'. Database available at 'jdbc:h2:file:../recipes_db'
2021-11-04 17:10:59.115  INFO 13962 --- [    Test worker] o.s.s.concurrent.ThreadPoolTaskExecutor  : Initializing ExecutorService 'applicationTaskExecutor'
2021-11-04 17:10:59.165  INFO 13962 --- [         task-1] o.hibernate.jpa.internal.util.LogHelper  : HHH000204: Processing PersistenceUnitInfo [name: default]
2021-11-04 17:10:59.224  INFO 13962 --- [         task-1] org.hibernate.Version                    : HHH000412: Hibernate ORM core version 5.4.17.Final
2021-11-04 17:10:59.229  WARN 13962 --- [    Test worker] JpaBaseConfiguration$JpaWebConfiguration : spring.jpa.open-in-view is enabled by default. Therefore, database queries may be performed during view rendering. Explicitly configure spring.jpa.open-in-view to disable this warning
2021-11-04 17:10:59.388  INFO 13962 --- [         task-1] o.hibernate.annotations.common.Version   : HCANN000001: Hibernate Commons Annotations {5.1.0.Final}
2021-11-04 17:10:59.532  INFO 13962 --- [         task-1] org.hibernate.dialect.Dialect            : HHH000400: Using dialect: org.hibernate.dialect.H2Dialect
2021-11-04 17:11:00.222  INFO 13962 --- [         task-1] o.h.e.t.j.p.i.JtaPlatformInitiator       : HHH000490: Using JtaPlatform implementation: [org.hibernate.engine.transaction.jta.platform.internal.NoJtaPlatform]
2021-11-04 17:11:00.230  INFO 13962 --- [         task-1] j.LocalContainerEntityManagerFactoryBean : Initialized JPA EntityManagerFactory for persistence unit 'default'
2021-11-04 17:11:00.279  INFO 13962 --- [    Test worker] o.s.b.a.e.web.EndpointLinksResolver      : Exposing 14 endpoint(s) beneath base path '/actuator'
2021-11-04 17:11:00.328  INFO 13962 --- [    Test worker] o.s.b.w.embedded.tomcat.TomcatWebServer  : Tomcat started on port(s): 8881 (http) with context path ''
2021-11-04 17:11:00.329  INFO 13962 --- [    Test worker] DeferredRepositoryInitializationListener : Triggering deferred initialization of Spring Data repositories…
2021-11-04 17:11:00.510  INFO 13962 --- [    Test worker] DeferredRepositoryInitializationListener : Spring Data repositories initialized!
2021-11-04 17:11:00.521  INFO 13962 --- [    Test worker] recipes.RecipesApplication               : Started RecipesApplication in 4.028 seconds (JVM running for 4.779)
2021-11-04 17:11:00.992  INFO 13962 --- [nio-8881-exec-1] o.a.c.c.C.[Tomcat].[localhost].[/]       : Initializing Spring DispatcherServlet 'dispatcherServlet'
2021-11-04 17:11:00.992  INFO 13962 --- [nio-8881-exec-1] o.s.web.servlet.DispatcherServlet        : Initializing Servlet 'dispatcherServlet'
2021-11-04 17:11:01.000  INFO 13962 --- [nio-8881-exec-1] o.s.web.servlet.DispatcherServlet        : Completed initialization in 7 ms
?[1;31m
Start test 2?[0m
?[1;31m
Start test 3?[0m
]]></system-out>
  <system-err><![CDATA[]]></system-err>
</testsuite>
